<?xml version="1.0" encoding="UTF-8"?>
<!-- Generated by org.testng.reporters.JUnitReportReporter -->
<testsuite hostname="DESKTOP-2I544G5" failures="0" tests="1" name="driverFactory.DriverScript" time="25.374" errors="0" timestamp="2024-07-16T21:40:51 IST" skipped="0">
  <testcase classname="driverFactory.DriverScript" name="starttest" time="25.374"/>
  <system-out>
    <![CDATA[no of rows in the sheet is 5
Valid username and passworddashboard     http://webapp.qedgetech.com/dashboard.php
Valid username and passworddashboard     http://webapp.qedgetech.com/dashboard.php]]>
  </system-out>
</testsuite> <!-- driverFactory.DriverScript -->
