<?xml version="1.0" encoding="UTF-8"?>
<!-- Generated by org.testng.reporters.JUnitReportReporter -->
<testsuite hostname="DESKTOP-2I544G5" failures="0" tests="1" name="driverFactory.CusDriverScript" time="111.205" errors="0" timestamp="2024-07-23T09:38:37 IST" skipped="0">
  <testcase classname="driverFactory.CusDriverScript" name="start" time="111.205"/>
  <system-out>
    <![CDATA[No of rows is9
Customer-00000009024=======Customer-00000009024
Customer-00000009025=======Customer-00000009025
Customer-00000009026=======Customer-00000009026
Customer-00000009027=======Customer-00000009027
Customer-00000009028=======Customer-00000009028
Customer-00000009029=======Customer-00000009029
Customer-00000009030=======Customer-00000009030
Customer-00000009031=======Customer-00000009031
Customer-00000009032=======Customer-00000009032]]>
  </system-out>
</testsuite> <!-- driverFactory.CusDriverScript -->
